# JRE version: OpenJDK Runtime Environment 18.9 (11.0.14+8) (build 11.0.14+8)
# Java VM: OpenJDK 64-Bit Server VM 18.9 (11.0.14+8, mixed mode, tiered, compressed oops, g1 gc, linux-amd64)
Heap:
 garbage-first heap   total 126976K, used 25814K [0x0000000085400000, 0x0000000100000000)
  region size 1024K, 20 young (20480K), 7 survivors (7168K)
 Metaspace       used 34526K, capacity 35599K, committed 35964K, reserved 1081344K
  class space    used 3997K, capacity 4431K, committed 4556K, reserved 1048576K
GC Heap History (10 events):
Event: 1,988 GC heap before
{Heap before GC invocations=0 (full 0):
 garbage-first heap   total 126976K, used 24576K [0x0000000085400000, 0x0000000100000000)
  region size 1024K, 24 young (24576K), 0 survivors (0K)
 Metaspace       used 11062K, capacity 11311K, committed 11648K, reserved 1060864K
  class space    used 1049K, capacity 1113K, committed 1152K, reserved 1048576K
}
Event: 1,995 GC heap after
{Heap after GC invocations=1 (full 0):
 garbage-first heap   total 126976K, used 6838K [0x0000000085400000, 0x0000000100000000)
  region size 1024K, 3 young (3072K), 3 survivors (3072K)
 Metaspace       used 11062K, capacity 11311K, committed 11648K, reserved 1060864K
  class space    used 1049K, capacity 1113K, committed 1152K, reserved 1048576K
}
Event: 2,883 GC heap before
{Heap before GC invocations=1 (full 0):
 garbage-first heap   total 126976K, used 78518K [0x0000000085400000, 0x0000000100000000)
  region size 1024K, 74 young (75776K), 3 survivors (3072K)
 Metaspace       used 17929K, capacity 18409K, committed 18560K, reserved 1064960K
  class space    used 1921K, capacity 2091K, committed 2176K, reserved 1048576K
}
Event: 2,890 GC heap after
{Heap after GC invocations=2 (full 0):
 garbage-first heap   total 126976K, used 8349K [0x0000000085400000, 0x0000000100000000)
  region size 1024K, 5 young (5120K), 5 survivors (5120K)
 Metaspace       used 17929K, capacity 18409K, committed 18560K, reserved 1064960K
  class space    used 1921K, capacity 2091K, committed 2176K, reserved 1048576K
}
Event: 3,017 GC heap before
{Heap before GC invocations=2 (full 0):
 garbage-first heap   total 126976K, used 21661K [0x0000000085400000, 0x0000000100000000)
  region size 1024K, 19 young (19456K), 5 survivors (5120K)
 Metaspace       used 20679K, capacity 21195K, committed 21296K, reserved 1069056K
  class space    used 2214K, capacity 2423K, committed 2432K, reserved 1048576K
}
Event: 3,023 GC heap after
{Heap after GC invocations=3 (full 0):
 garbage-first heap   total 126976K, used 8933K [0x0000000085400000, 0x0000000100000000)
  region size 1024K, 6 young (6144K), 6 survivors (6144K)
 Metaspace       used 20679K, capacity 21195K, committed 21296K, reserved 1069056K
  class space    used 2214K, capacity 2423K, committed 2432K, reserved 1048576K
}
Event: 3,307 GC heap before
{Heap before GC invocations=4 (full 0):
 garbage-first heap   total 126976K, used 73445K [0x0000000085400000, 0x0000000100000000)
  region size 1024K, 70 young (71680K), 6 survivors (6144K)
 Metaspace       used 24854K, capacity 25511K, committed 25852K, reserved 1073152K
  class space    used 2752K, capacity 3011K, committed 3148K, reserved 1048576K
}
Event: 3,313 GC heap after
{Heap after GC invocations=5 (full 0):
 garbage-first heap   total 126976K, used 10258K [0x0000000085400000, 0x0000000100000000)
  region size 1024K, 4 young (4096K), 4 survivors (4096K)
 Metaspace       used 24854K, capacity 25511K, committed 25852K, reserved 1073152K
  class space    used 2752K, capacity 3011K, committed 3148K, reserved 1048576K
}
Event: 4,560 GC heap before
{Heap before GC invocations=5 (full 0):
 garbage-first heap   total 126976K, used 81938K [0x0000000085400000, 0x0000000100000000)
  region size 1024K, 74 young (75776K), 4 survivors (4096K)
 Metaspace       used 32157K, capacity 33151K, committed 33276K, reserved 1079296K
  class space    used 3719K, capacity 4108K, committed 4172K, reserved 1048576K
}
Event: 4,565 GC heap after
{Heap after GC invocations=6 (full 0):
 garbage-first heap   total 126976K, used 13526K [0x0000000085400000, 0x0000000100000000)
  region size 1024K, 7 young (7168K), 7 survivors (7168K)
 Metaspace       used 32157K, capacity 33151K, committed 33276K, reserved 1079296K
  class space    used 3719K, capacity 4108K, committed 4172K, reserved 1048576K
}

